<?xml version="1.0" encoding="UTF-8"?>
<testng-results skipped="0" failed="0" total="2" passed="2">
  <reporter-output>
  </reporter-output>
  <suite name="Suite" duration-ms="67867" started-at="2019-12-28T08:57:42Z" finished-at="2019-12-28T08:58:50Z">
    <groups>
      <group name="cucumber">
        <method signature="AbstractTestNGCucumberTests.feature(cucumber.api.testng.CucumberFeatureWrapper)[pri:0, instance:runner.RunCuke@314c508a]" name="feature" class="cucumber.api.testng.AbstractTestNGCucumberTests"/>
      </group> <!-- cucumber -->
    </groups>
    <test name="Test" duration-ms="67867" started-at="2019-12-28T08:57:42Z" finished-at="2019-12-28T08:58:50Z">
      <class name="runner.RunCuke">
        <test-method status="PASS" signature="setUpClass()[pri:0, instance:runner.RunCuke@314c508a]" name="setUpClass" is-config="true" duration-ms="184" started-at="2019-12-28T14:27:42Z" finished-at="2019-12-28T14:27:42Z">
          <reporter-output>
          </reporter-output>
        </test-method> <!-- setUpClass -->
        <test-method status="PASS" signature="setup()[pri:0, instance:runner.RunCuke@314c508a]" name="setup" is-config="true" duration-ms="188" started-at="2019-12-28T14:27:42Z" finished-at="2019-12-28T14:27:42Z">
          <reporter-output>
          </reporter-output>
        </test-method> <!-- setup -->
        <test-method status="PASS" signature="feature(cucumber.api.testng.CucumberFeatureWrapper)[pri:0, instance:runner.RunCuke@314c508a]" name="feature" duration-ms="40801" started-at="2019-12-28T14:27:42Z" description="Runs Cucumber Feature" data-provider="features" finished-at="2019-12-28T14:28:23Z">
          <params>
            <param index="0">
              <value>
                <![CDATA[Acceptance testing to validate search car is working fine.]]>
              </value>
            </param>
          </params>
          <reporter-output>
          </reporter-output>
        </test-method> <!-- feature -->
        <test-method status="PASS" signature="feature(cucumber.api.testng.CucumberFeatureWrapper)[pri:0, instance:runner.RunCuke@314c508a]" name="feature" duration-ms="26588" started-at="2019-12-28T14:28:23Z" description="Runs Cucumber Feature" data-provider="features" finished-at="2019-12-28T14:28:50Z">
          <params>
            <param index="0">
              <value>
                <![CDATA[Acceptance testing to validate used search car is working fine.]]>
              </value>
            </param>
          </params>
          <reporter-output>
          </reporter-output>
        </test-method> <!-- feature -->
        <test-method status="PASS" signature="tearDownClass()[pri:0, instance:runner.RunCuke@314c508a]" name="tearDownClass" is-config="true" duration-ms="47" started-at="2019-12-28T14:28:50Z" finished-at="2019-12-28T14:28:50Z">
          <reporter-output>
          </reporter-output>
        </test-method> <!-- tearDownClass -->
      </class> <!-- runner.RunCuke -->
    </test> <!-- Test -->
  </suite> <!-- Suite -->
</testng-results>
