<?xml version="1.0" encoding="UTF-8"?>
<testng-results skipped="0" failed="0" total="1" passed="1">
  <reporter-output>
  </reporter-output>
  <suite name="Suite" duration-ms="20759" started-at="2019-12-27T09:17:55Z" finished-at="2019-12-27T09:18:16Z">
    <groups>
      <group name="cucumber">
        <method signature="AbstractTestNGCucumberTests.feature(cucumber.api.testng.CucumberFeatureWrapper)[pri:0, instance:runner.RunCuke@1460a8c0]" name="feature" class="cucumber.api.testng.AbstractTestNGCucumberTests"/>
      </group> <!-- cucumber -->
    </groups>
    <test name="Test" duration-ms="20759" started-at="2019-12-27T09:17:55Z" finished-at="2019-12-27T09:18:16Z">
      <class name="runner.RunCuke">
        <test-method status="PASS" signature="setUpClass()[pri:0, instance:runner.RunCuke@1460a8c0]" name="setUpClass" is-config="true" duration-ms="169" started-at="2019-12-27T14:47:55Z" finished-at="2019-12-27T14:47:55Z">
          <reporter-output>
          </reporter-output>
        </test-method> <!-- setUpClass -->
        <test-method status="PASS" signature="setup()[pri:0, instance:runner.RunCuke@1460a8c0]" name="setup" is-config="true" duration-ms="157" started-at="2019-12-27T14:47:55Z" finished-at="2019-12-27T14:47:55Z">
          <reporter-output>
          </reporter-output>
        </test-method> <!-- setup -->
        <test-method status="PASS" signature="feature(cucumber.api.testng.CucumberFeatureWrapper)[pri:0, instance:runner.RunCuke@1460a8c0]" name="feature" duration-ms="20315" started-at="2019-12-27T14:47:55Z" description="Runs Cucumber Feature" data-provider="features" finished-at="2019-12-27T14:48:16Z">
          <params>
            <param index="0">
              <value>
                <![CDATA[Acceptance testing to validate used search car is working fine.]]>
              </value>
            </param>
          </params>
          <reporter-output>
          </reporter-output>
        </test-method> <!-- feature -->
        <test-method status="PASS" signature="tearDownClass()[pri:0, instance:runner.RunCuke@1460a8c0]" name="tearDownClass" is-config="true" duration-ms="50" started-at="2019-12-27T14:48:16Z" finished-at="2019-12-27T14:48:16Z">
          <reporter-output>
          </reporter-output>
        </test-method> <!-- tearDownClass -->
      </class> <!-- runner.RunCuke -->
    </test> <!-- Test -->
  </suite> <!-- Suite -->
</testng-results>
